<?xml version="1.0" encoding="UTF-8"?>
<testsuite xmlns:xsi="http://www.w3.org/2001/XMLSchema-instance" xsi:noNamespaceSchemaLocation="https://maven.apache.org/surefire/maven-surefire-plugin/xsd/surefire-test-report-3.0.xsd" version="3.0" name="pl.edu.wszib.jdbc.root.AuthTest" time="0.072" tests="5" errors="0" skipped="0" failures="0">
  <properties>
[...]
</properties>
  <testcase name="testAuthenticationWithNonMatchingCredentials" classname="pl.edu.wszib.jdbc.root.AuthTest" time="0.008">
    <system-out><![CDATA[Przygotowanie przed wszystkimi testami 
Przygotowanie do testu
czyszczenie po teście
]]></system-out>
  </testcase>
  <testcase name="testAuthentication" classname="pl.edu.wszib.jdbc.root.AuthTest" time="0.029">
    <system-out><![CDATA[Przygotowanie do testu
czyszczenie po teście
]]></system-out>
  </testcase>
  <testcase name="testAuthenticationWithMatchingCredentials" classname="pl.edu.wszib.jdbc.root.AuthTest" time="0.009">
    <system-out><![CDATA[Przygotowanie do testu
czyszczenie po teście
]]></system-out>
  </testcase>
  <testcase name="testValidateWithNonMatchingCredentials" classname="pl.edu.wszib.jdbc.root.AuthTest" time="0.003">
    <system-out><![CDATA[Przygotowanie do testu
czyszczenie po teście
]]></system-out>
  </testcase>
  <testcase name="testValidateWithMatchingCredentials" classname="pl.edu.wszib.jdbc.root.AuthTest" time="0.002">
    <system-out><![CDATA[Przygotowanie do testu
czyszczenie po teście
]]></system-out>
  </testcase>
</testsuite>